using port 5020
1669159880.90: #  1 (T100) from À½õì}.1044 
1669159880.96: #  1 (Done) from À½õì}.1044 
1669159880.96: #  2 (T  1) from à¢”ÀU.1043 
1669159880.96: #  2 (Done) from à¢”ÀU.1043 
1669159880.96: #  3 (T  1) from À½õì}.1044 
1669159880.96: #  3 (Done) from À½õì}.1044 
1669159880.96: #  4 (T 20) from à¢”ÀU.1043 
1669159880.98: #  4 (Done) from à¢”ÀU.1043 
1669159880.98: #  5 (T  2) from À½õì}.1044 
1669159880.98: #  5 (Done) from À½õì}.1044 
1669159880.98: #  6 (T500) from à¢”ÀU.1043 
1669159881.29: #  6 (Done) from à¢”ÀU.1043 
1669159881.29: #  7 (T  3) from À½õì}.1044 
1669159881.29: #  7 (Done) from À½õì}.1044 
1669159881.29: #  8 (T  1) from à¢”ÀU.1043 
1669159881.29: #  8 (Done) from à¢”ÀU.1043 
1669159881.30: #  9 (T  4) from À½õì}.1044 
1669159881.30: #  9 (Done) from À½õì}.1044 
1669159881.30: # 10 (T  1) from à¢”ÀU.1043 
1669159881.30: # 10 (Done) from à¢”ÀU.1043 
1669159881.30: # 11 (T  1) from à¢”ÀU.1043 
1669159881.30: # 11 (Done) from à¢”ÀU.1043 
1669159881.31: # 12 (T 10) from à¢”ÀU.1043 
1669159881.31: # 12 (Done) from à¢”ÀU.1043 
1669159881.32: # 13 (T 10) from à¢”ÀU.1043 
1669159881.32: # 13 (Done) from à¢”ÀU.1043 
1669159881.83: # 14 (T 60) from à¢”ÀU.1043 
1669159881.87: # 14 (Done) from à¢”ÀU.1043 
1669159881.87: # 15 (T  1) from à¢”ÀU.1043 
1669159881.87: # 15 (Done) from à¢”ÀU.1043 
1669159881.88: # 16 (T  1) from à¢”ÀU.1043 
1669159881.88: # 16 (Done) from à¢”ÀU.1043 
1669159882.05: # 17 (T  5) from À½õì}.1044 
1669159882.06: # 17 (Done) from À½õì}.1044 
1669159882.06: # 18 (T  6) from À½õì}.1044 
1669159882.06: # 18 (Done) from À½õì}.1044 
1669159882.07: # 19 (T  7) from À½õì}.1044 
1669159882.07: # 19 (Done) from À½õì}.1044 
1669159882.08: # 20 (T  8) from À½õì}.1044 
1669159882.08: # 20 (Done) from À½õì}.1044 
1669159882.09: # 21 (T  9) from À½õì}.1044 
1669159882.09: # 21 (Done) from À½õì}.1044 
1669159882.09: # 22 (T  1) from à¢”ÀU.1043 
1669159882.09: # 22 (Done) from à¢”ÀU.1043 
1669159882.10: # 23 (T  1) from À½õì}.1044 
1669159882.10: # 23 (Done) from À½õì}.1044 
1669159882.10: # 24 (T  1) from À½õì}.1044 
1669159882.10: # 24 (Done) from À½õì}.1044 
1669159882.10: # 25 (T  1) from À½õì}.1044 
1669159882.10: # 25 (Done) from À½õì}.1044 
1669159882.11: # 26 (T  1) from À½õì}.1044 
1669159882.11: # 26 (Done) from À½õì}.1044 
1669159882.11: # 27 (T 50) from à¢”ÀU.1043 
1669159882.14: # 27 (Done) from à¢”ÀU.1043 
1669159882.14: # 28 (T  1) from À½õì}.1044 
1669159882.14: # 28 (Done) from À½õì}.1044 
1669159882.14: # 29 (T  1) from à¢”ÀU.1043 
1669159882.14: # 29 (Done) from à¢”ÀU.1043 

SUMMARY
  15 transactions from À½õì}.1044 
  14 transactions from à¢”ÀU.1043 
23.2 transactions/sec  (29/1.25)
